<?xml version="1.0" encoding="UTF-8"?>
<robot generator="Robot 7.3.2 (Python 3.12.3 on linux)" generated="2025-11-17T16:32:43.049260" rpa="false" schemaversion="5">
<suite id="s1" name="Tests" source="/home/suojaola/webcounter/src/tests">
<suite id="s1-s1" name="Increment" source="/home/suojaola/webcounter/src/tests/increment.robot">
<kw name="Open And Configure Browser" owner="resource" type="SETUP">
<if>
<branch type="IF" condition="$BROWSER == 'chrome'">
<kw name="Evaluate" owner="BuiltIn">
<msg time="2025-11-17T16:32:43.141340" level="INFO">${options} = &lt;selenium.webdriver.chrome.options.Options object at 0x7507e439e780&gt;</msg>
<var>${options}</var>
<arg>sys.modules['selenium.webdriver'].ChromeOptions()</arg>
<arg>sys</arg>
<doc>Evaluates the given expression in Python and returns the result.</doc>
<status status="PASS" start="2025-11-17T16:32:43.141103" elapsed="0.000269"/>
</kw>
<kw name="Call Method" owner="BuiltIn">
<arg>${options}</arg>
<arg>add_argument</arg>
<arg>--incognito</arg>
<doc>Calls the named method of the given object with the provided arguments.</doc>
<status status="PASS" start="2025-11-17T16:32:43.141475" elapsed="0.000117"/>
</kw>
<status status="PASS" start="2025-11-17T16:32:43.140703" elapsed="0.000930"/>
</branch>
<branch type="ELSE IF" condition="$BROWSER == 'firefox'">
<kw name="Evaluate" owner="BuiltIn">
<var>${options}</var>
<arg>sys.modules['selenium.webdriver'].FirefoxOptions()</arg>
<arg>sys</arg>
<doc>Evaluates the given expression in Python and returns the result.</doc>
<status status="NOT RUN" start="2025-11-17T16:32:43.141744" elapsed="0.000018"/>
</kw>
<kw name="Call Method" owner="BuiltIn">
<arg>${options}</arg>
<arg>add_argument</arg>
<arg>--private-window</arg>
<doc>Calls the named method of the given object with the provided arguments.</doc>
<status status="NOT RUN" start="2025-11-17T16:32:43.141819" elapsed="0.000016"/>
</kw>
<status status="NOT RUN" start="2025-11-17T16:32:43.141667" elapsed="0.000193"/>
</branch>
<status status="PASS" start="2025-11-17T16:32:43.140681" elapsed="0.001202"/>
</if>
<if>
<branch type="IF" condition="$HEADLESS == 'true'">
<kw name="Set Selenium Speed" owner="SeleniumLibrary">
<arg>0.05 seconds</arg>
<doc>Sets the delay that is waited after each Selenium command.</doc>
<status status="NOT RUN" start="2025-11-17T16:32:43.142056" elapsed="0.000018"/>
</kw>
<kw name="Call Method" owner="BuiltIn">
<arg>${options}</arg>
<arg>add_argument</arg>
<arg>--headless</arg>
<doc>Calls the named method of the given object with the provided arguments.</doc>
<status status="NOT RUN" start="2025-11-17T16:32:43.142135" elapsed="0.000015"/>
</kw>
<status status="NOT RUN" start="2025-11-17T16:32:43.141924" elapsed="0.000247"/>
</branch>
<branch type="ELSE">
<kw name="Set Selenium Speed" owner="SeleniumLibrary">
<arg>${DELAY}</arg>
<doc>Sets the delay that is waited after each Selenium command.</doc>
<status status="PASS" start="2025-11-17T16:32:43.142243" elapsed="0.000169"/>
</kw>
<status status="PASS" start="2025-11-17T16:32:43.142191" elapsed="0.000250"/>
</branch>
<status status="PASS" start="2025-11-17T16:32:43.141913" elapsed="0.000549"/>
</if>
<kw name="Open Browser" owner="SeleniumLibrary">
<msg time="2025-11-17T16:32:43.142709" level="INFO">Opening browser 'chrome' to base url 'None'.</msg>
<arg>browser=${BROWSER}</arg>
<arg>options=${options}</arg>
<doc>Opens a new browser instance to the optional ``url``.</doc>
<status status="PASS" start="2025-11-17T16:32:43.142529" elapsed="0.433618"/>
</kw>
<status status="PASS" start="2025-11-17T16:32:43.140529" elapsed="0.435782"/>
</kw>
<test id="s1-s1-t1" name="At start the counter is zero" line="7">
<kw name="Go To" owner="SeleniumLibrary">
<msg time="2025-11-17T16:32:43.577111" level="INFO">Opening url 'http://localhost:5001'</msg>
<arg>${HOME_URL}</arg>
<doc>Navigates the current browser window to the provided ``url``.</doc>
<status status="PASS" start="2025-11-17T16:32:43.576923" elapsed="0.576070"/>
</kw>
<kw name="Title Should Be" owner="SeleniumLibrary">
<msg time="2025-11-17T16:32:44.671616" level="INFO">Page title is 'Laskuri'.</msg>
<arg>Laskuri</arg>
<doc>Verifies that the current page title equals ``title``.</doc>
<status status="PASS" start="2025-11-17T16:32:44.153694" elapsed="0.518187"/>
</kw>
<kw name="Page Should Contain" owner="SeleniumLibrary">
<msg time="2025-11-17T16:32:45.710961" level="INFO">Current page contains text 'nappia painettu 0 kertaa'.</msg>
<arg>nappia painettu 0 kertaa</arg>
<doc>Verifies that current page contains ``text``.</doc>
<status status="PASS" start="2025-11-17T16:32:44.672385" elapsed="1.038773"/>
</kw>
<status status="PASS" start="2025-11-17T16:32:43.576419" elapsed="2.135072"/>
</test>
<test id="s1-s1-t2" name="When button pressed twice the counter is two" line="12">
<kw name="Go To" owner="SeleniumLibrary">
<msg time="2025-11-17T16:32:45.712732" level="INFO">Opening url 'http://localhost:5001'</msg>
<arg>${HOME_URL}</arg>
<doc>Navigates the current browser window to the provided ``url``.</doc>
<status status="PASS" start="2025-11-17T16:32:45.712437" elapsed="0.562662"/>
</kw>
<kw name="Click Button" owner="SeleniumLibrary">
<msg time="2025-11-17T16:32:46.276901" level="INFO">Clicking button 'Paina'.</msg>
<arg>Paina</arg>
<doc>Clicks the button identified by ``locator``.</doc>
<status status="PASS" start="2025-11-17T16:32:46.275879" elapsed="2.159419"/>
</kw>
<kw name="Click Button" owner="SeleniumLibrary">
<msg time="2025-11-17T16:32:48.436032" level="INFO">Clicking button 'Paina'.</msg>
<arg>Paina</arg>
<doc>Clicks the button identified by ``locator``.</doc>
<status status="PASS" start="2025-11-17T16:32:48.435708" elapsed="2.131735"/>
</kw>
<kw name="Page Should Contain" owner="SeleniumLibrary">
<msg time="2025-11-17T16:32:51.606884" level="INFO">Current page contains text 'nappia painettu 2 kertaa'.</msg>
<arg>nappia painettu 2 kertaa</arg>
<doc>Verifies that current page contains ``text``.</doc>
<status status="PASS" start="2025-11-17T16:32:50.568178" elapsed="1.039037"/>
</kw>
<kw name="Click Button" owner="SeleniumLibrary">
<msg time="2025-11-17T16:32:51.608531" level="INFO">Clicking button 'Nollaa'.</msg>
<arg>Nollaa</arg>
<doc>Clicks the button identified by ``locator``.</doc>
<status status="PASS" start="2025-11-17T16:32:51.607880" elapsed="2.133607"/>
</kw>
<status status="PASS" start="2025-11-17T16:32:45.711901" elapsed="8.030109"/>
</test>
<kw name="Close Browser" owner="SeleniumLibrary" type="TEARDOWN">
<doc>Closes the current browser.</doc>
<status status="PASS" start="2025-11-17T16:32:53.743279" elapsed="0.593438"/>
</kw>
<status status="PASS" start="2025-11-17T16:32:43.064487" elapsed="11.272297"/>
</suite>
<suite id="s1-s2" name="Reset" source="/home/suojaola/webcounter/src/tests/reset.robot">
<kw name="Open And Configure Browser" owner="resource" type="SETUP">
<if>
<branch type="IF" condition="$BROWSER == 'chrome'">
<kw name="Evaluate" owner="BuiltIn">
<msg time="2025-11-17T16:32:54.339129" level="INFO">${options} = &lt;selenium.webdriver.chrome.options.Options object at 0x7507e43f93d0&gt;</msg>
<var>${options}</var>
<arg>sys.modules['selenium.webdriver'].ChromeOptions()</arg>
<arg>sys</arg>
<doc>Evaluates the given expression in Python and returns the result.</doc>
<status status="PASS" start="2025-11-17T16:32:54.338940" elapsed="0.000213"/>
</kw>
<kw name="Call Method" owner="BuiltIn">
<arg>${options}</arg>
<arg>add_argument</arg>
<arg>--incognito</arg>
<doc>Calls the named method of the given object with the provided arguments.</doc>
<status status="PASS" start="2025-11-17T16:32:54.339235" elapsed="0.000091"/>
</kw>
<status status="PASS" start="2025-11-17T16:32:54.338766" elapsed="0.000590"/>
</branch>
<branch type="ELSE IF" condition="$BROWSER == 'firefox'">
<kw name="Evaluate" owner="BuiltIn">
<var>${options}</var>
<arg>sys.modules['selenium.webdriver'].FirefoxOptions()</arg>
<arg>sys</arg>
<doc>Evaluates the given expression in Python and returns the result.</doc>
<status status="NOT RUN" start="2025-11-17T16:32:54.339451" elapsed="0.000015"/>
</kw>
<kw name="Call Method" owner="BuiltIn">
<arg>${options}</arg>
<arg>add_argument</arg>
<arg>--private-window</arg>
<doc>Calls the named method of the given object with the provided arguments.</doc>
<status status="NOT RUN" start="2025-11-17T16:32:54.339518" elapsed="0.000014"/>
</kw>
<status status="NOT RUN" start="2025-11-17T16:32:54.339386" elapsed="0.000214"/>
</branch>
<status status="PASS" start="2025-11-17T16:32:54.338749" elapsed="0.000876"/>
</if>
<if>
<branch type="IF" condition="$HEADLESS == 'true'">
<kw name="Set Selenium Speed" owner="SeleniumLibrary">
<arg>0.05 seconds</arg>
<doc>Sets the delay that is waited after each Selenium command.</doc>
<status status="NOT RUN" start="2025-11-17T16:32:54.339783" elapsed="0.000017"/>
</kw>
<kw name="Call Method" owner="BuiltIn">
<arg>${options}</arg>
<arg>add_argument</arg>
<arg>--headless</arg>
<doc>Calls the named method of the given object with the provided arguments.</doc>
<status status="NOT RUN" start="2025-11-17T16:32:54.339851" elapsed="0.000014"/>
</kw>
<status status="NOT RUN" start="2025-11-17T16:32:54.339665" elapsed="0.000221"/>
</branch>
<branch type="ELSE">
<kw name="Set Selenium Speed" owner="SeleniumLibrary">
<arg>${DELAY}</arg>
<doc>Sets the delay that is waited after each Selenium command.</doc>
<status status="PASS" start="2025-11-17T16:32:54.339958" elapsed="0.000150"/>
</kw>
<status status="PASS" start="2025-11-17T16:32:54.339906" elapsed="0.000231"/>
</branch>
<status status="PASS" start="2025-11-17T16:32:54.339654" elapsed="0.000505"/>
</if>
<kw name="Open Browser" owner="SeleniumLibrary">
<msg time="2025-11-17T16:32:54.340378" level="INFO">Opening browser 'chrome' to base url 'None'.</msg>
<arg>browser=${BROWSER}</arg>
<arg>options=${options}</arg>
<doc>Opens a new browser instance to the optional ``url``.</doc>
<status status="PASS" start="2025-11-17T16:32:54.340228" elapsed="0.437456"/>
</kw>
<status status="PASS" start="2025-11-17T16:32:54.338633" elapsed="0.439148"/>
</kw>
<test id="s1-s2-t1" name="When counter has a nonzero value and it is reset the value becomes zero" line="8">
<kw name="Go To" owner="SeleniumLibrary">
<msg time="2025-11-17T16:32:54.778392" level="INFO">Opening url 'http://localhost:5001'</msg>
<arg>${HOME_URL}</arg>
<doc>Navigates the current browser window to the provided ``url``.</doc>
<status status="PASS" start="2025-11-17T16:32:54.778244" elapsed="0.562459"/>
</kw>
<kw name="Click Button" owner="SeleniumLibrary">
<msg time="2025-11-17T16:32:55.342410" level="INFO">Clicking button 'Paina'.</msg>
<arg>Paina</arg>
<doc>Clicks the button identified by ``locator``.</doc>
<status status="PASS" start="2025-11-17T16:32:55.341815" elapsed="2.168198"/>
</kw>
<kw name="Click Button" owner="SeleniumLibrary">
<msg time="2025-11-17T16:32:57.510918" level="INFO">Clicking button 'Nollaa'.</msg>
<arg>Nollaa</arg>
<doc>Clicks the button identified by ``locator``.</doc>
<status status="PASS" start="2025-11-17T16:32:57.510506" elapsed="2.147846"/>
</kw>
<kw name="Page Should Contain" owner="SeleniumLibrary">
<msg time="2025-11-17T16:33:00.694248" level="INFO">Current page contains text 'nappia painettu 0 kertaa'.</msg>
<arg>nappia painettu 0 kertaa</arg>
<doc>Verifies that current page contains ``text``.</doc>
<status status="PASS" start="2025-11-17T16:32:59.658823" elapsed="1.035632"/>
</kw>
<kw name="Click Button" owner="SeleniumLibrary">
<msg time="2025-11-17T16:33:00.695217" level="INFO">Clicking button 'Nollaa'.</msg>
<arg>Nollaa</arg>
<doc>Clicks the button identified by ``locator``.</doc>
<status status="PASS" start="2025-11-17T16:33:00.694862" elapsed="2.118140"/>
</kw>
<status status="PASS" start="2025-11-17T16:32:54.777842" elapsed="8.036118"/>
</test>
<kw name="Close Browser" owner="SeleniumLibrary" type="TEARDOWN">
<doc>Closes the current browser.</doc>
<status status="PASS" start="2025-11-17T16:33:02.815204" elapsed="0.562019"/>
</kw>
<status status="PASS" start="2025-11-17T16:32:54.337169" elapsed="9.040335"/>
</suite>
<suite id="s1-s3" name="Set" source="/home/suojaola/webcounter/src/tests/set.robot">
<kw name="Open And Configure Browser" owner="resource" type="SETUP">
<if>
<branch type="IF" condition="$BROWSER == 'chrome'">
<kw name="Evaluate" owner="BuiltIn">
<msg time="2025-11-17T16:33:03.388810" level="INFO">${options} = &lt;selenium.webdriver.chrome.options.Options object at 0x7507e43fa390&gt;</msg>
<var>${options}</var>
<arg>sys.modules['selenium.webdriver'].ChromeOptions()</arg>
<arg>sys</arg>
<doc>Evaluates the given expression in Python and returns the result.</doc>
<status status="PASS" start="2025-11-17T16:33:03.387838" elapsed="0.001106"/>
</kw>
<kw name="Call Method" owner="BuiltIn">
<arg>${options}</arg>
<arg>add_argument</arg>
<arg>--incognito</arg>
<doc>Calls the named method of the given object with the provided arguments.</doc>
<status status="PASS" start="2025-11-17T16:33:03.389368" elapsed="0.000594"/>
</kw>
<status status="PASS" start="2025-11-17T16:33:03.386942" elapsed="0.003220"/>
</branch>
<branch type="ELSE IF" condition="$BROWSER == 'firefox'">
<kw name="Evaluate" owner="BuiltIn">
<var>${options}</var>
<arg>sys.modules['selenium.webdriver'].FirefoxOptions()</arg>
<arg>sys</arg>
<doc>Evaluates the given expression in Python and returns the result.</doc>
<status status="NOT RUN" start="2025-11-17T16:33:03.390926" elapsed="0.000159"/>
</kw>
<kw name="Call Method" owner="BuiltIn">
<arg>${options}</arg>
<arg>add_argument</arg>
<arg>--private-window</arg>
<doc>Calls the named method of the given object with the provided arguments.</doc>
<status status="NOT RUN" start="2025-11-17T16:33:03.391510" elapsed="0.000153"/>
</kw>
<status status="NOT RUN" start="2025-11-17T16:33:03.390330" elapsed="0.001496"/>
</branch>
<status status="PASS" start="2025-11-17T16:33:03.386813" elapsed="0.005192"/>
</if>
<if>
<branch type="IF" condition="$HEADLESS == 'true'">
<kw name="Set Selenium Speed" owner="SeleniumLibrary">
<arg>0.05 seconds</arg>
<doc>Sets the delay that is waited after each Selenium command.</doc>
<status status="NOT RUN" start="2025-11-17T16:33:03.392972" elapsed="0.000107"/>
</kw>
<kw name="Call Method" owner="BuiltIn">
<arg>${options}</arg>
<arg>add_argument</arg>
<arg>--headless</arg>
<doc>Calls the named method of the given object with the provided arguments.</doc>
<status status="NOT RUN" start="2025-11-17T16:33:03.393409" elapsed="0.000098"/>
</kw>
<status status="NOT RUN" start="2025-11-17T16:33:03.392237" elapsed="0.001479"/>
</branch>
<branch type="ELSE">
<kw name="Set Selenium Speed" owner="SeleniumLibrary">
<arg>${DELAY}</arg>
<doc>Sets the delay that is waited after each Selenium command.</doc>
<status status="PASS" start="2025-11-17T16:33:03.394204" elapsed="0.000875"/>
</kw>
<status status="PASS" start="2025-11-17T16:33:03.393873" elapsed="0.001380"/>
</branch>
<status status="PASS" start="2025-11-17T16:33:03.392174" elapsed="0.003213"/>
</if>
<kw name="Open Browser" owner="SeleniumLibrary">
<msg time="2025-11-17T16:33:03.396671" level="INFO">Opening browser 'chrome' to base url 'None'.</msg>
<arg>browser=${BROWSER}</arg>
<arg>options=${options}</arg>
<doc>Opens a new browser instance to the optional ``url``.</doc>
<status status="PASS" start="2025-11-17T16:33:03.395804" elapsed="0.470898"/>
</kw>
<status status="PASS" start="2025-11-17T16:33:03.386096" elapsed="0.480770"/>
</kw>
<test id="s1-s3-t1" name="Counter can be set to specific number" line="8">
<kw name="Go To" owner="SeleniumLibrary">
<msg time="2025-11-17T16:33:03.867648" level="INFO">Opening url 'http://localhost:5001'</msg>
<arg>${HOME_URL}</arg>
<doc>Navigates the current browser window to the provided ``url``.</doc>
<status status="PASS" start="2025-11-17T16:33:03.867445" elapsed="0.574251"/>
</kw>
<kw name="Input Text" owner="SeleniumLibrary">
<msg time="2025-11-17T16:33:04.442644" level="INFO">Typing text '10' into text field 'value'.</msg>
<arg>value</arg>
<arg>10</arg>
<doc>Types the given ``text`` into the text field identified by ``locator``.</doc>
<status status="PASS" start="2025-11-17T16:33:04.442193" elapsed="1.661549"/>
</kw>
<kw name="Click Button" owner="SeleniumLibrary">
<msg time="2025-11-17T16:33:06.105118" level="INFO">Clicking button 'Aseta'.</msg>
<arg>Aseta</arg>
<doc>Clicks the button identified by ``locator``.</doc>
<status status="PASS" start="2025-11-17T16:33:06.104512" elapsed="2.138387"/>
</kw>
<kw name="Page Should Contain" owner="SeleniumLibrary">
<msg time="2025-11-17T16:33:09.282134" level="INFO">Current page contains text 'nappia painettu 10 kertaa'.</msg>
<arg>nappia painettu 10 kertaa</arg>
<doc>Verifies that current page contains ``text``.</doc>
<status status="PASS" start="2025-11-17T16:33:08.243460" elapsed="1.038946"/>
</kw>
<kw name="Click Button" owner="SeleniumLibrary">
<msg time="2025-11-17T16:33:09.283471" level="INFO">Clicking button 'Nollaa'.</msg>
<arg>Nollaa</arg>
<doc>Clicks the button identified by ``locator``.</doc>
<status status="PASS" start="2025-11-17T16:33:09.282965" elapsed="2.131654"/>
</kw>
<status status="PASS" start="2025-11-17T16:33:03.866975" elapsed="7.548239"/>
</test>
<kw name="Close Browser" owner="SeleniumLibrary" type="TEARDOWN">
<doc>Closes the current browser.</doc>
<status status="PASS" start="2025-11-17T16:33:11.416182" elapsed="0.581633"/>
</kw>
<status status="PASS" start="2025-11-17T16:33:03.379405" elapsed="8.618762"/>
</suite>
<status status="PASS" start="2025-11-17T16:32:43.049863" elapsed="28.954978"/>
</suite>
<statistics>
<total>
<stat pass="4" fail="0" skip="0">All Tests</stat>
</total>
<tag>
</tag>
<suite>
<stat name="Tests" id="s1" pass="4" fail="0" skip="0">Tests</stat>
<stat name="Increment" id="s1-s1" pass="2" fail="0" skip="0">Tests.Increment</stat>
<stat name="Reset" id="s1-s2" pass="1" fail="0" skip="0">Tests.Reset</stat>
<stat name="Set" id="s1-s3" pass="1" fail="0" skip="0">Tests.Set</stat>
</suite>
</statistics>
<errors>
</errors>
</robot>
